<?xml version="1.0" encoding="UTF-8"?>
<!-- Generated by org.testng.reporters.JUnitXMLReporter -->
<testsuite hostname="Laptop091" ignored="0" name="Default test" tests="3" failures="0" timestamp="04 Aug 2020 01:01:42 GMT" time="35.409" errors="0">
  <testcase name="appliedFilterVerification" time="10.153" classname="Airbnb.AirbnbTests"/>
  <testcase name="extraFilterVerification" time="12.702" classname="Airbnb.AirbnbTests"/>
  <testcase name="mapDataVerification" time="12.061" classname="Airbnb.AirbnbTests"/>
</testsuite> <!-- Default test -->
