<?xml version="1.0" encoding="UTF-8"?>
<!-- Generated by org.testng.reporters.JUnitXMLReporter -->
<testsuite hostname="Laptop091" ignored="0" name="Default test" tests="3" failures="0" timestamp="17 Jul 2020 19:52:26 GMT" time="36.783" errors="0">
  <testcase name="appliedFilterVerification" time="10.707" classname="Airbnb.AirbnbTests"/>
  <testcase name="extraFilterVerification" time="13.764" classname="Airbnb.AirbnbTests"/>
  <testcase name="mapDataVerification" time="12.038" classname="Airbnb.AirbnbTests"/>
</testsuite> <!-- Default test -->
