<?xml version="1.0" encoding="UTF-8"?>
<testng-results skipped="0" failed="0" ignored="0" total="3" passed="3">
  <reporter-output>
  </reporter-output>
  <suite name="Default suite" duration-ms="35409" started-at="2020-08-04T01:01:07Z" finished-at="2020-08-04T01:01:42Z">
    <groups>
    </groups>
    <test name="Default test" duration-ms="35409" started-at="2020-08-04T01:01:07Z" finished-at="2020-08-04T01:01:42Z">
      <class name="Airbnb.AirbnbTests">
        <test-method status="PASS" signature="BaseMethod()[pri:0, instance:Airbnb.AirbnbTests@4cd8db31]" name="BaseMethod" is-config="true" duration-ms="14003" started-at="2020-08-04T01:00:53Z" finished-at="2020-08-04T01:01:07Z">
          <reporter-output>
          </reporter-output>
        </test-method> <!-- BaseMethod -->
        <test-method status="PASS" signature="appliedFilterVerification()[pri:1, instance:Airbnb.AirbnbTests@4cd8db31]" name="appliedFilterVerification" duration-ms="10153" started-at="2020-08-04T01:01:07Z" description="Search results should match the search criteria" finished-at="2020-08-04T01:01:17Z">
          <reporter-output>
          </reporter-output>
        </test-method> <!-- appliedFilterVerification -->
        <test-method status="PASS" signature="onTestFaliure(org.testng.ITestResult)[pri:0, instance:Airbnb.AirbnbTests@4cd8db31]" name="onTestFaliure" is-config="true" duration-ms="4" started-at="2020-08-04T01:01:17Z" finished-at="2020-08-04T01:01:17Z">
          <params>
            <param index="0">
              <value>
                <![CDATA[[TestResult name=appliedFilterVerification status=SUCCESS method=AirbnbTests.appliedFilterVerification()[pri:1, instance:Airbnb.AirbnbTests@4cd8db31] output={null}]]]>
              </value>
            </param>
          </params>
          <reporter-output>
          </reporter-output>
        </test-method> <!-- onTestFaliure -->
        <test-method status="PASS" signature="extraFilterVerification()[pri:2, instance:Airbnb.AirbnbTests@4cd8db31]" name="extraFilterVerification" duration-ms="12702" started-at="2020-08-04T01:01:17Z" description="The results and details page should match the extra filters" finished-at="2020-08-04T01:01:30Z">
          <reporter-output>
          </reporter-output>
        </test-method> <!-- extraFilterVerification -->
        <test-method status="PASS" signature="onTestFaliure(org.testng.ITestResult)[pri:0, instance:Airbnb.AirbnbTests@4cd8db31]" name="onTestFaliure" is-config="true" duration-ms="1" started-at="2020-08-04T01:01:30Z" finished-at="2020-08-04T01:01:30Z">
          <params>
            <param index="0">
              <value>
                <![CDATA[[TestResult name=extraFilterVerification status=SUCCESS method=AirbnbTests.extraFilterVerification()[pri:2, instance:Airbnb.AirbnbTests@4cd8db31] output={null}]]]>
              </value>
            </param>
          </params>
          <reporter-output>
          </reporter-output>
        </test-method> <!-- onTestFaliure -->
        <test-method status="PASS" signature="mapDataVerification()[pri:3, instance:Airbnb.AirbnbTests@4cd8db31]" name="mapDataVerification" duration-ms="12061" started-at="2020-08-04T01:01:30Z" description="Property should be displayed on the map correctly" finished-at="2020-08-04T01:01:42Z">
          <reporter-output>
          </reporter-output>
        </test-method> <!-- mapDataVerification -->
        <test-method status="PASS" signature="onTestFaliure(org.testng.ITestResult)[pri:0, instance:Airbnb.AirbnbTests@4cd8db31]" name="onTestFaliure" is-config="true" duration-ms="1" started-at="2020-08-04T01:01:42Z" finished-at="2020-08-04T01:01:42Z">
          <params>
            <param index="0">
              <value>
                <![CDATA[[TestResult name=mapDataVerification status=SUCCESS method=AirbnbTests.mapDataVerification()[pri:3, instance:Airbnb.AirbnbTests@4cd8db31] output={null}]]]>
              </value>
            </param>
          </params>
          <reporter-output>
          </reporter-output>
        </test-method> <!-- onTestFaliure -->
      </class> <!-- Airbnb.AirbnbTests -->
    </test> <!-- Default test -->
  </suite> <!-- Default suite -->
</testng-results>
