<?xml version="1.0" encoding="UTF-8"?>
<testng-results skipped="0" failed="0" ignored="0" total="3" passed="3">
  <reporter-output>
  </reporter-output>
  <suite name="Default suite" duration-ms="36783" started-at="2020-07-17T19:51:49Z" finished-at="2020-07-17T19:52:26Z">
    <groups>
    </groups>
    <test name="Default test" duration-ms="36783" started-at="2020-07-17T19:51:49Z" finished-at="2020-07-17T19:52:26Z">
      <class name="Airbnb.AirbnbTests">
        <test-method status="PASS" signature="BaseMethod()[pri:0, instance:Airbnb.AirbnbTests@460e5ffe]" name="BaseMethod" is-config="true" duration-ms="14192" started-at="2020-07-17T19:51:35Z" finished-at="2020-07-17T19:51:49Z">
          <reporter-output>
          </reporter-output>
        </test-method> <!-- BaseMethod -->
        <test-method status="PASS" signature="appliedFilterVerification()[pri:1, instance:Airbnb.AirbnbTests@460e5ffe]" name="appliedFilterVerification" duration-ms="10707" started-at="2020-07-17T19:51:49Z" description="Search results should match the search criteria" finished-at="2020-07-17T19:52:00Z">
          <reporter-output>
          </reporter-output>
        </test-method> <!-- appliedFilterVerification -->
        <test-method status="PASS" signature="onTestFaliure(org.testng.ITestResult)[pri:0, instance:Airbnb.AirbnbTests@460e5ffe]" name="onTestFaliure" is-config="true" duration-ms="3" started-at="2020-07-17T19:52:00Z" finished-at="2020-07-17T19:52:00Z">
          <params>
            <param index="0">
              <value>
                <![CDATA[[TestResult name=appliedFilterVerification status=SUCCESS method=AirbnbTests.appliedFilterVerification()[pri:1, instance:Airbnb.AirbnbTests@460e5ffe] output={null}]]]>
              </value>
            </param>
          </params>
          <reporter-output>
          </reporter-output>
        </test-method> <!-- onTestFaliure -->
        <test-method status="PASS" signature="extraFilterVerification()[pri:2, instance:Airbnb.AirbnbTests@460e5ffe]" name="extraFilterVerification" duration-ms="13764" started-at="2020-07-17T19:52:00Z" description="The results and details page should match the extra filters" finished-at="2020-07-17T19:52:14Z">
          <reporter-output>
          </reporter-output>
        </test-method> <!-- extraFilterVerification -->
        <test-method status="PASS" signature="onTestFaliure(org.testng.ITestResult)[pri:0, instance:Airbnb.AirbnbTests@460e5ffe]" name="onTestFaliure" is-config="true" duration-ms="1" started-at="2020-07-17T19:52:14Z" finished-at="2020-07-17T19:52:14Z">
          <params>
            <param index="0">
              <value>
                <![CDATA[[TestResult name=extraFilterVerification status=SUCCESS method=AirbnbTests.extraFilterVerification()[pri:2, instance:Airbnb.AirbnbTests@460e5ffe] output={null}]]]>
              </value>
            </param>
          </params>
          <reporter-output>
          </reporter-output>
        </test-method> <!-- onTestFaliure -->
        <test-method status="PASS" signature="mapDataVerification()[pri:3, instance:Airbnb.AirbnbTests@460e5ffe]" name="mapDataVerification" duration-ms="12038" started-at="2020-07-17T19:52:14Z" description="Property should be displayed on the map correctly" finished-at="2020-07-17T19:52:26Z">
          <reporter-output>
          </reporter-output>
        </test-method> <!-- mapDataVerification -->
        <test-method status="PASS" signature="onTestFaliure(org.testng.ITestResult)[pri:0, instance:Airbnb.AirbnbTests@460e5ffe]" name="onTestFaliure" is-config="true" duration-ms="0" started-at="2020-07-17T19:52:26Z" finished-at="2020-07-17T19:52:26Z">
          <params>
            <param index="0">
              <value>
                <![CDATA[[TestResult name=mapDataVerification status=SUCCESS method=AirbnbTests.mapDataVerification()[pri:3, instance:Airbnb.AirbnbTests@460e5ffe] output={null}]]]>
              </value>
            </param>
          </params>
          <reporter-output>
          </reporter-output>
        </test-method> <!-- onTestFaliure -->
      </class> <!-- Airbnb.AirbnbTests -->
    </test> <!-- Default test -->
  </suite> <!-- Default suite -->
</testng-results>
